#
# A fatal error has been detected by the Java Runtime Environment:
#
#  EXCEPTION_ACCESS_VIOLATION (0xc0000005) at pc=0x0000000073364d30, pid=20976, tid=0x0000000000003440
#
# JRE version: Java(TM) SE Runtime Environment (8.0_191-b12) (build 1.8.0_191-b12)
# Java VM: Java HotSpot(TM) 64-Bit Server VM (25.191-b12 mixed mode windows-amd64 compressed oops)
# Problematic frame:
# V  [jvm.dll+0x4a4d30]
#
# Failed to write core dump. Minidumps are not enabled by default on client versions of Windows
#
# If you would like to submit a bug report, please visit:
#   http://bugreport.java.com/bugreport/crash.jsp
#

---------------  T H R E A D  ---------------

Current thread (0x0000000024080800):  JavaThread "C2 CompilerThread2" daemon [_thread_in_native, id=13376, stack(0x0000000024910000,0x0000000024a10000)]

siginfo: ExceptionCode=0xc0000005, reading address 0x00000008736e4570

Registers:
RAX=0x0000000000000000, RBX=0x000000002b7c2e90, RCX=0x00000008736e4570, RDX=0x0000000000000000
RSP=0x0000000024a0c1f0, RBP=0x0000000000000022, RSI=0x0000000000000110, RDI=0x0000000024a0c240
R8 =0x0000000000000020, R9 =0x0000000027ea4020, R10=0x0000000072ec0000, R11=0x0000000024a0c110
R12=0x00000000736e4570, R13=0x0000000072ec0000, R14=0x0000000023fd9f38, R15=0x00000000000003d8
RIP=0x0000000073364d30, EFLAGS=0x0000000000010246

Top of Stack: (sp=0x0000000024a0c1f0)
0x0000000024a0c1f0:   0000000024a0e9c0 000000002b7c27b0
0x0000000024a0c200:   fffffffffffffff8 000000002408d800
0x0000000024a0c210:   0000000000006b45 000000007335fe0f
0x0000000024a0c220:   000000002b7c2e90 000000002b7c2e90
0x0000000024a0c230:   0000000000006b45 0000000024a0c320
0x0000000024a0c240:   000018cf00000000 0000000000000007
0x0000000024a0c250:   00000008736e4570 0000000000000019
0x0000000024a0c260:   000000002cbd00f0 0000000000000093
0x0000000024a0c270:   000000002bafbb70 0000000024a0c610
0x0000000024a0c280:   0000000023fd9b60 0000000024a0c610
0x0000000024a0c290:   0000000023fd9b50 000000007332bd01
0x0000000024a0c2a0:   0000000000000000 0000000024a0c3a0
0x0000000024a0c2b0:   0000000000000000 0000000000000042
0x0000000024a0c2c0:   0000000000000006 0000000023fd9b50
0x0000000024a0c2d0:   0000000027ea2e70 0000000027ea41a0
0x0000000024a0c2e0:   0000000027eaae58 00000000040c5d28 

Instructions: (pc=0x0000000073364d30)
0x0000000073364d10:   48 8b 4f 20 48 39 04 0e 0f 84 9d 00 00 00 48 8b
0x0000000073364d20:   0c 0e 33 d2 33 c0 48 89 4f 10 66 0f 1f 44 00 00
0x0000000073364d30:   83 3c 08 00 0f 85 36 01 00 00 ff c2 48 83 c0 04
0x0000000073364d40:   83 fa 08 72 eb 48 8b 47 30 48 89 44 24 30 48 85 


Register to memory mapping:

RAX=0x0000000000000000 is an unknown value
RBX=0x000000002b7c2e90 is an unknown value
RCX=0x00000008736e4570 is an unknown value
RDX=0x0000000000000000 is an unknown value
RSP=0x0000000024a0c1f0 is pointing into the stack for thread: 0x0000000024080800
RBP=0x0000000000000022 is an unknown value
RSI=0x0000000000000110 is an unknown value
RDI=0x0000000024a0c240 is pointing into the stack for thread: 0x0000000024080800
R8 =0x0000000000000020 is an unknown value
R9 =0x0000000027ea4020 is an unknown value
R10=0x0000000072ec0000 is an unknown value
R11=0x0000000024a0c110 is pointing into the stack for thread: 0x0000000024080800
R12=0x00000000736e4570 is an unknown value
R13=0x0000000072ec0000 is an unknown value
R14=0x0000000023fd9f38 is an unknown value
R15=0x00000000000003d8 is an unknown value


Stack: [0x0000000024910000,0x0000000024a10000],  sp=0x0000000024a0c1f0,  free space=1008k
Native frames: (J=compiled Java code, j=interpreted, Vv=VM code, C=native code)
V  [jvm.dll+0x4a4d30]
V  [jvm.dll+0x49fe0f]
V  [jvm.dll+0x46bd01]
V  [jvm.dll+0x47703b]
V  [jvm.dll+0x479947]
V  [jvm.dll+0x45c162]
V  [jvm.dll+0xa6c82]
V  [jvm.dll+0xa75cf]
V  [jvm.dll+0x2461df]
V  [jvm.dll+0x29eb9a]
C  [msvcr100.dll+0x21d9f]
C  [msvcr100.dll+0x21e3b]
C  [KERNEL32.DLL+0x126bd]
C  [ntdll.dll+0x5a9f8]


Current CompileTask:
C2:   3088 2051 %     4       org.eclipse.jdt.launching.internal.org.objectweb.asm.ClassReader::readCode @ 2186 (5109 bytes)


---------------  P R O C E S S  ---------------

Java Threads: ( => current thread )
  0x0000000025771800 JavaThread "restartedMain" [_thread_in_vm, id=3060, stack(0x0000000026160000,0x0000000026260000)]
  0x000000002576f800 JavaThread "Thread-0" [_thread_blocked, id=4728, stack(0x0000000025e30000,0x0000000025f30000)]
  0x000000002408c000 JavaThread "Service Thread" daemon [_thread_blocked, id=6520, stack(0x0000000024b10000,0x0000000024c10000)]
  0x0000000024081800 JavaThread "C1 CompilerThread3" daemon [_thread_in_native, id=8900, stack(0x0000000024a10000,0x0000000024b10000)]
=>0x0000000024080800 JavaThread "C2 CompilerThread2" daemon [_thread_in_native, id=13376, stack(0x0000000024910000,0x0000000024a10000)]
  0x0000000024080000 JavaThread "C2 CompilerThread1" daemon [_thread_in_native, id=11800, stack(0x0000000024810000,0x0000000024910000)]
  0x0000000024079800 JavaThread "C2 CompilerThread0" daemon [_thread_in_native, id=19620, stack(0x0000000024710000,0x0000000024810000)]
  0x0000000023025800 JavaThread "JDWP Command Reader" daemon [_thread_in_native, id=7548, stack(0x0000000023e10000,0x0000000023f10000)]
  0x0000000023024800 JavaThread "JDWP Event Helper Thread" daemon [_thread_blocked, id=8772, stack(0x0000000023d10000,0x0000000023e10000)]
  0x000000002301a000 JavaThread "JDWP Transport Listener: dt_socket" daemon [_thread_blocked, id=1560, stack(0x0000000023c10000,0x0000000023d10000)]
  0x000000002300e800 JavaThread "Attach Listener" daemon [_thread_blocked, id=9580, stack(0x00000000237d0000,0x00000000238d0000)]
  0x000000002300d800 JavaThread "Signal Dispatcher" daemon [_thread_blocked, id=20540, stack(0x00000000236d0000,0x00000000237d0000)]
  0x0000000022ff1000 JavaThread "Finalizer" daemon [_thread_blocked, id=4632, stack(0x00000000234d0000,0x00000000235d0000)]
  0x0000000022ff0800 JavaThread "Reference Handler" daemon [_thread_blocked, id=17384, stack(0x00000000233d0000,0x00000000234d0000)]
  0x0000000002b0b000 JavaThread "main" [_thread_blocked, id=21284, stack(0x0000000002910000,0x0000000002a10000)]

Other Threads:
  0x00000000211f8800 VMThread [stack: 0x0000000022ed0000,0x0000000022fd0000] [id=7552]
  0x00000000240ad000 WatcherThread [stack: 0x0000000024c10000,0x0000000024d10000] [id=3680]

VM state:not at safepoint (normal execution)

VM Mutex/Monitor currently owned by a thread: None

Heap:
 PSYoungGen      total 153600K, used 111249K [0x0000000740c00000, 0x000000074e080000, 0x00000007c0000000)
  eden space 148480K, 71% used [0x0000000740c00000,0x00000007473cb0c0,0x0000000749d00000)
  from space 5120K, 96% used [0x000000074db80000,0x000000074e059448,0x000000074e080000)
  to   space 15872K, 0% used [0x000000074c180000,0x000000074c180000,0x000000074d100000)
 ParOldGen       total 152064K, used 7410K [0x0000000642400000, 0x000000064b880000, 0x0000000740c00000)
  object space 152064K, 4% used [0x0000000642400000,0x0000000642b3cb28,0x000000064b880000)
 Metaspace       used 27361K, capacity 28748K, committed 29056K, reserved 1075200K
  class space    used 3357K, capacity 3658K, committed 3712K, reserved 1048576K

Card table byte_map: [0x0000000012150000,0x0000000012d40000] byte_map_base: 0x000000000ef3e000

Marking Bits: (ParMarkBitMap*) 0x00000000736e3e30
 Begin Bits: [0x0000000013d40000, 0x0000000019cb0000)
 End Bits:   [0x0000000019cb0000, 0x000000001fc20000)

Polling page: 0x00000000027d0000

CodeCache: size=245760Kb used=12152Kb max_used=12152Kb free=233607Kb
 bounds [0x0000000002d90000, 0x0000000003980000, 0x0000000011d90000]
 total_blobs=3442 nmethods=3067 adapters=295
 compilation: enabled

Compilation events (10 events):
Event: 3.061 Thread 0x0000000024081800 3060       3       org.springframework.asm.MethodWriter::visitAbstractType (8 bytes)
Event: 3.061 Thread 0x0000000024081800 nmethod 3060 0x0000000003916290 code [0x00000000039163e0, 0x0000000003916570]
Event: 3.061 Thread 0x0000000024081800 3061       1       org.springframework.cglib.core.Signature::getName (5 bytes)
Event: 3.061 Thread 0x0000000024081800 nmethod 3061 0x0000000003915fd0 code [0x0000000003916120, 0x0000000003916230]
Event: 3.061 Thread 0x0000000024081800 3062       1       org.springframework.asm.SymbolTable::getMajorVersion (5 bytes)
Event: 3.061 Thread 0x0000000024081800 nmethod 3062 0x0000000003915d10 code [0x0000000003915e60, 0x0000000003915f70]
Event: 3.061 Thread 0x0000000024081800 3063       2       java.lang.Integer::<init> (10 bytes)
Event: 3.061 Thread 0x0000000024081800 nmethod 3063 0x0000000003926610 code [0x0000000003926760, 0x00000000039268b0]
Event: 3.064 Thread 0x0000000024081800 3064       3       org.springframework.asm.Type::getTypeInternal (218 bytes)
Event: 3.064 Thread 0x0000000024081800 nmethod 3064 0x0000000003954cd0 code [0x0000000003954f40, 0x0000000003955e48]

GC Heap History (10 events):
Event: 0.880 GC heap before
{Heap before GC invocations=1 (full 0):
 PSYoungGen      total 114176K, used 98304K [0x0000000740c00000, 0x0000000748b00000, 0x00000007c0000000)
  eden space 98304K, 100% used [0x0000000740c00000,0x0000000746c00000,0x0000000746c00000)
  from space 15872K, 0% used [0x0000000747b80000,0x0000000747b80000,0x0000000748b00000)
  to   space 15872K, 0% used [0x0000000746c00000,0x0000000746c00000,0x0000000747b80000)
 ParOldGen       total 261120K, used 0K [0x0000000642400000, 0x0000000652300000, 0x0000000740c00000)
  object space 261120K, 0% used [0x0000000642400000,0x0000000642400000,0x0000000652300000)
 Metaspace       used 9903K, capacity 10072K, committed 10240K, reserved 1058816K
  class space    used 1098K, capacity 1159K, committed 1280K, reserved 1048576K
Event: 0.885 GC heap after
Heap after GC invocations=1 (full 0):
 PSYoungGen      total 114176K, used 6242K [0x0000000740c00000, 0x0000000748b00000, 0x00000007c0000000)
  eden space 98304K, 0% used [0x0000000740c00000,0x0000000740c00000,0x0000000746c00000)
  from space 15872K, 39% used [0x0000000746c00000,0x00000007472189d0,0x0000000747b80000)
  to   space 15872K, 0% used [0x0000000747b80000,0x0000000747b80000,0x0000000748b00000)
 ParOldGen       total 261120K, used 16K [0x0000000642400000, 0x0000000652300000, 0x0000000740c00000)
  object space 261120K, 0% used [0x0000000642400000,0x0000000642404000,0x0000000652300000)
 Metaspace       used 9903K, capacity 10072K, committed 10240K, reserved 1058816K
  class space    used 1098K, capacity 1159K, committed 1280K, reserved 1048576K
}
Event: 1.447 GC heap before
{Heap before GC invocations=2 (full 0):
 PSYoungGen      total 114176K, used 104546K [0x0000000740c00000, 0x0000000748b00000, 0x00000007c0000000)
  eden space 98304K, 100% used [0x0000000740c00000,0x0000000746c00000,0x0000000746c00000)
  from space 15872K, 39% used [0x0000000746c00000,0x00000007472189d0,0x0000000747b80000)
  to   space 15872K, 0% used [0x0000000747b80000,0x0000000747b80000,0x0000000748b00000)
 ParOldGen       total 261120K, used 16K [0x0000000642400000, 0x0000000652300000, 0x0000000740c00000)
  object space 261120K, 0% used [0x0000000642400000,0x0000000642404000,0x0000000652300000)
 Metaspace       used 17332K, capacity 18060K, committed 18176K, reserved 1064960K
  class space    used 2045K, capacity 2211K, committed 2304K, reserved 1048576K
Event: 1.454 GC heap after
Heap after GC invocations=2 (full 0):
 PSYoungGen      total 114176K, used 9009K [0x0000000740c00000, 0x0000000748b00000, 0x00000007c0000000)
  eden space 98304K, 0% used [0x0000000740c00000,0x0000000740c00000,0x0000000746c00000)
  from space 15872K, 56% used [0x0000000747b80000,0x000000074844c7a0,0x0000000748b00000)
  to   space 15872K, 0% used [0x0000000746c00000,0x0000000746c00000,0x0000000747b80000)
 ParOldGen       total 261120K, used 24K [0x0000000642400000, 0x0000000652300000, 0x0000000740c00000)
  object space 261120K, 0% used [0x0000000642400000,0x0000000642406000,0x0000000652300000)
 Metaspace       used 17332K, capacity 18060K, committed 18176K, reserved 1064960K
  class space    used 2045K, capacity 2211K, committed 2304K, reserved 1048576K
}
Event: 1.649 GC heap before
{Heap before GC invocations=3 (full 0):
 PSYoungGen      total 114176K, used 64346K [0x0000000740c00000, 0x0000000748b00000, 0x00000007c0000000)
  eden space 98304K, 56% used [0x0000000740c00000,0x000000074420a2e8,0x0000000746c00000)
  from space 15872K, 56% used [0x0000000747b80000,0x000000074844c7a0,0x0000000748b00000)
  to   space 15872K, 0% used [0x0000000746c00000,0x0000000746c00000,0x0000000747b80000)
 ParOldGen       total 261120K, used 24K [0x0000000642400000, 0x0000000652300000, 0x0000000740c00000)
  object space 261120K, 0% used [0x0000000642400000,0x0000000642406000,0x0000000652300000)
 Metaspace       used 20452K, capacity 21224K, committed 21296K, reserved 1069056K
  class space    used 2483K, capacity 2687K, committed 2688K, reserved 1048576K
Event: 1.654 GC heap after
Heap after GC invocations=3 (full 0):
 PSYoungGen      total 114176K, used 7813K [0x0000000740c00000, 0x000000074eb00000, 0x00000007c0000000)
  eden space 98304K, 0% used [0x0000000740c00000,0x0000000740c00000,0x0000000746c00000)
  from space 15872K, 49% used [0x0000000746c00000,0x00000007473a1420,0x0000000747b80000)
  to   space 15872K, 0% used [0x000000074db80000,0x000000074db80000,0x000000074eb00000)
 ParOldGen       total 261120K, used 32K [0x0000000642400000, 0x0000000652300000, 0x0000000740c00000)
  object space 261120K, 0% used [0x0000000642400000,0x0000000642408000,0x0000000652300000)
 Metaspace       used 20452K, capacity 21224K, committed 21296K, reserved 1069056K
  class space    used 2483K, capacity 2687K, committed 2688K, reserved 1048576K
}
Event: 1.655 GC heap before
{Heap before GC invocations=4 (full 1):
 PSYoungGen      total 114176K, used 7813K [0x0000000740c00000, 0x000000074eb00000, 0x00000007c0000000)
  eden space 98304K, 0% used [0x0000000740c00000,0x0000000740c00000,0x0000000746c00000)
  from space 15872K, 49% used [0x0000000746c00000,0x00000007473a1420,0x0000000747b80000)
  to   space 15872K, 0% used [0x000000074db80000,0x000000074db80000,0x000000074eb00000)
 ParOldGen       total 261120K, used 32K [0x0000000642400000, 0x0000000652300000, 0x0000000740c00000)
  object space 261120K, 0% used [0x0000000642400000,0x0000000642408000,0x0000000652300000)
 Metaspace       used 20452K, capacity 21224K, committed 21296K, reserved 1069056K
  class space    used 2483K, capacity 2687K, committed 2688K, reserved 1048576K
Event: 1.674 GC heap after
Heap after GC invocations=4 (full 1):
 PSYoungGen      total 114176K, used 0K [0x0000000740c00000, 0x000000074eb00000, 0x00000007c0000000)
  eden space 98304K, 0% used [0x0000000740c00000,0x0000000740c00000,0x0000000746c00000)
  from space 15872K, 0% used [0x0000000746c00000,0x0000000746c00000,0x0000000747b80000)
  to   space 15872K, 0% used [0x000000074db80000,0x000000074db80000,0x000000074eb00000)
 ParOldGen       total 152064K, used 7402K [0x0000000642400000, 0x000000064b880000, 0x0000000740c00000)
  object space 152064K, 4% used [0x0000000642400000,0x0000000642b3ab28,0x000000064b880000)
 Metaspace       used 20452K, capacity 21224K, committed 21296K, reserved 1069056K
  class space    used 2483K, capacity 2687K, committed 2688K, reserved 1048576K
}
Event: 2.218 GC heap before
{Heap before GC invocations=5 (full 1):
 PSYoungGen      total 114176K, used 98304K [0x0000000740c00000, 0x000000074eb00000, 0x00000007c0000000)
  eden space 98304K, 100% used [0x0000000740c00000,0x0000000746c00000,0x0000000746c00000)
  from space 15872K, 0% used [0x0000000746c00000,0x0000000746c00000,0x0000000747b80000)
  to   space 15872K, 0% used [0x000000074db80000,0x000000074db80000,0x000000074eb00000)
 ParOldGen       total 152064K, used 7402K [0x0000000642400000, 0x000000064b880000, 0x0000000740c00000)
  object space 152064K, 4% used [0x0000000642400000,0x0000000642b3ab28,0x000000064b880000)
 Metaspace       used 23066K, capacity 24024K, committed 24320K, reserved 1071104K
  class space    used 2781K, capacity 3012K, committed 3072K, reserved 1048576K
Event: 2.222 GC heap after
Heap after GC invocations=5 (full 1):
 PSYoungGen      total 153600K, used 4965K [0x0000000740c00000, 0x000000074e080000, 0x00000007c0000000)
  eden space 148480K, 0% used [0x0000000740c00000,0x0000000740c00000,0x0000000749d00000)
  from space 5120K, 96% used [0x000000074db80000,0x000000074e059448,0x000000074e080000)
  to   space 15872K, 0% used [0x000000074c180000,0x000000074c180000,0x000000074d100000)
 ParOldGen       total 152064K, used 7410K [0x0000000642400000, 0x000000064b880000, 0x0000000740c00000)
  object space 152064K, 4% used [0x0000000642400000,0x0000000642b3cb28,0x000000064b880000)
 Metaspace       used 23066K, capacity 24024K, committed 24320K, reserved 1071104K
  class space    used 2781K, capacity 3012K, committed 3072K, reserved 1048576K
}

Deoptimization events (10 events):
Event: 2.810 Thread 0x0000000025771800 Uncommon trap: reason=range_check action=none pc=0x0000000003177d64 method=sun.reflect.generics.parser.SignatureParser.current()C @ 34
Event: 2.810 Thread 0x0000000025771800 Uncommon trap: reason=range_check action=none pc=0x0000000003177d64 method=sun.reflect.generics.parser.SignatureParser.current()C @ 34
Event: 2.810 Thread 0x0000000025771800 Uncommon trap: reason=range_check action=none pc=0x0000000003177d64 method=sun.reflect.generics.parser.SignatureParser.current()C @ 34
Event: 2.823 Thread 0x0000000025771800 Uncommon trap: reason=range_check action=none pc=0x0000000003177d64 method=sun.reflect.generics.parser.SignatureParser.current()C @ 34
Event: 2.827 Thread 0x0000000025771800 Uncommon trap: reason=range_check action=none pc=0x0000000003177d64 method=sun.reflect.generics.parser.SignatureParser.current()C @ 34
Event: 2.860 Thread 0x0000000025771800 Uncommon trap: reason=range_check action=none pc=0x0000000003177d64 method=sun.reflect.generics.parser.SignatureParser.current()C @ 34
Event: 2.886 Thread 0x0000000025771800 Uncommon trap: reason=range_check action=none pc=0x0000000003177d64 method=sun.reflect.generics.parser.SignatureParser.current()C @ 34
Event: 2.903 Thread 0x0000000025771800 Uncommon trap: reason=range_check action=none pc=0x0000000003177d64 method=sun.reflect.generics.parser.SignatureParser.current()C @ 34
Event: 2.928 Thread 0x0000000025771800 Uncommon trap: reason=range_check action=none pc=0x0000000003177d64 method=sun.reflect.generics.parser.SignatureParser.current()C @ 34
Event: 2.932 Thread 0x0000000025771800 Uncommon trap: reason=range_check action=none pc=0x0000000003177d64 method=sun.reflect.generics.parser.SignatureParser.current()C @ 34

Classes redefined (0 events):
No events

Internal exceptions (10 events):
Event: 2.810 Thread 0x0000000025771800 Exception <a 'java/lang/ArrayIndexOutOfBoundsException': 246> (0x000000074529a4b0) thrown at [C:\re\workspace\8-2-build-windows-amd64-cygwin\jdk8u191\11896\hotspot\src\share\vm\interpreter\interpreterRuntime.cpp, line 366]
Event: 2.810 Thread 0x0000000025771800 Exception <a 'java/lang/ArrayIndexOutOfBoundsException': 481> (0x000000074529ed50) thrown at [C:\re\workspace\8-2-build-windows-amd64-cygwin\jdk8u191\11896\hotspot\src\share\vm\interpreter\interpreterRuntime.cpp, line 366]
Event: 2.810 Thread 0x0000000025771800 Exception <a 'java/lang/ArrayIndexOutOfBoundsException': 61> (0x00000007452a0370) thrown at [C:\re\workspace\8-2-build-windows-amd64-cygwin\jdk8u191\11896\hotspot\src\share\vm\interpreter\interpreterRuntime.cpp, line 366]
Event: 2.823 Thread 0x0000000025771800 Exception <a 'java/lang/ArrayIndexOutOfBoundsException': 181> (0x000000074539d500) thrown at [C:\re\workspace\8-2-build-windows-amd64-cygwin\jdk8u191\11896\hotspot\src\share\vm\interpreter\interpreterRuntime.cpp, line 366]
Event: 2.827 Thread 0x0000000025771800 Exception <a 'java/lang/ArrayIndexOutOfBoundsException': 222> (0x00000007453fe330) thrown at [C:\re\workspace\8-2-build-windows-amd64-cygwin\jdk8u191\11896\hotspot\src\share\vm\interpreter\interpreterRuntime.cpp, line 366]
Event: 2.860 Thread 0x0000000025771800 Exception <a 'java/lang/ArrayIndexOutOfBoundsException': 182> (0x0000000745739558) thrown at [C:\re\workspace\8-2-build-windows-amd64-cygwin\jdk8u191\11896\hotspot\src\share\vm\interpreter\interpreterRuntime.cpp, line 366]
Event: 2.886 Thread 0x0000000025771800 Exception <a 'java/lang/ArrayIndexOutOfBoundsException': 231> (0x00000007459dcdb0) thrown at [C:\re\workspace\8-2-build-windows-amd64-cygwin\jdk8u191\11896\hotspot\src\share\vm\interpreter\interpreterRuntime.cpp, line 366]
Event: 2.903 Thread 0x0000000025771800 Exception <a 'java/lang/ArrayIndexOutOfBoundsException': 302> (0x0000000745b90a28) thrown at [C:\re\workspace\8-2-build-windows-amd64-cygwin\jdk8u191\11896\hotspot\src\share\vm\interpreter\interpreterRuntime.cpp, line 366]
Event: 2.928 Thread 0x0000000025771800 Exception <a 'java/lang/ArrayIndexOutOfBoundsException': 228> (0x0000000745dfcd20) thrown at [C:\re\workspace\8-2-build-windows-amd64-cygwin\jdk8u191\11896\hotspot\src\share\vm\interpreter\interpreterRuntime.cpp, line 366]
Event: 2.933 Thread 0x0000000025771800 Exception <a 'java/lang/ArrayIndexOutOfBoundsException': 436> (0x0000000745e92570) thrown at [C:\re\workspace\8-2-build-windows-amd64-cygwin\jdk8u191\11896\hotspot\src\share\vm\interpreter\interpreterRuntime.cpp, line 366]

Events (10 events):
Event: 3.063 Thread 0x0000000025771800 DEOPT PACKING pc=0x0000000002f1d89c sp=0x000000002625cad0
Event: 3.063 Thread 0x0000000025771800 DEOPT UNPACKING pc=0x0000000002dd7890 sp=0x000000002625c8f0 mode 1
Event: 3.064 loading class org/springframework/cglib/proxy/MethodInterceptorGenerator$2
Event: 3.064 loading class org/springframework/cglib/proxy/MethodInterceptorGenerator$2 done
Event: 3.064 Thread 0x0000000025771800 DEOPT PACKING pc=0x0000000002f6a749 sp=0x000000002625c790
Event: 3.064 Thread 0x0000000025771800 DEOPT UNPACKING pc=0x0000000002dd7890 sp=0x000000002625c4e0 mode 1
Event: 3.064 Thread 0x0000000025771800 DEOPT PACKING pc=0x0000000002f1db04 sp=0x000000002625c810
Event: 3.064 Thread 0x0000000025771800 DEOPT UNPACKING pc=0x0000000002dd7890 sp=0x000000002625c630 mode 1
Event: 3.064 Thread 0x0000000025771800 DEOPT PACKING pc=0x0000000002f1d89c sp=0x000000002625c9a0
Event: 3.064 Thread 0x0000000025771800 DEOPT UNPACKING pc=0x0000000002dd7890 sp=0x000000002625c7c0 mode 1


Dynamic libraries:
0x00007ff755760000 - 0x00007ff755797000 	C:\Program Files\Java\jdk1.8.0_191\bin\javaw.exe
0x00007ffc868d0000 - 0x00007ffc86ae4000 	C:\WINDOWS\SYSTEM32\ntdll.dll
0x00007ffc857d0000 - 0x00007ffc85893000 	C:\WINDOWS\System32\KERNEL32.DLL
0x00007ffc84340000 - 0x00007ffc846dc000 	C:\WINDOWS\System32\KERNELBASE.dll
0x00007ffc86150000 - 0x00007ffc861fe000 	C:\WINDOWS\System32\ADVAPI32.dll
0x00007ffc848a0000 - 0x00007ffc84947000 	C:\WINDOWS\System32\msvcrt.dll
0x00007ffc86080000 - 0x00007ffc86124000 	C:\WINDOWS\System32\sechost.dll
0x00007ffc86700000 - 0x00007ffc86815000 	C:\WINDOWS\System32\RPCRT4.dll
0x00007ffc858a0000 - 0x00007ffc85a4d000 	C:\WINDOWS\System32\USER32.dll
0x00007ffc83d80000 - 0x00007ffc83da6000 	C:\WINDOWS\System32\win32u.dll
0x00007ffc85ca0000 - 0x00007ffc85cc9000 	C:\WINDOWS\System32\GDI32.dll
0x00007ffc84220000 - 0x00007ffc84333000 	C:\WINDOWS\System32\gdi32full.dll
0x00007ffc83f50000 - 0x00007ffc83fea000 	C:\WINDOWS\System32\msvcp_win.dll
0x00007ffc83db0000 - 0x00007ffc83ec1000 	C:\WINDOWS\System32\ucrtbase.dll
0x00007ffc82f60000 - 0x00007ffc831ee000 	C:\WINDOWS\WinSxS\amd64_microsoft.windows.common-controls_6595b64144ccf1df_6.0.22621.608_none_a9444ca7c10bb01d\COMCTL32.dll
0x00007ffc85e70000 - 0x00007ffc85ea1000 	C:\WINDOWS\System32\IMM32.DLL
0x0000000073770000 - 0x0000000073842000 	C:\Program Files\Java\jdk1.8.0_191\jre\bin\msvcr100.dll
0x0000000072ec0000 - 0x0000000073764000 	C:\Program Files\Java\jdk1.8.0_191\jre\bin\server\jvm.dll
0x00007ffc86820000 - 0x00007ffc86828000 	C:\WINDOWS\System32\PSAPI.DLL
0x00007ffc7c800000 - 0x00007ffc7c834000 	C:\WINDOWS\SYSTEM32\WINMM.dll
0x00007ffc7c790000 - 0x00007ffc7c79a000 	C:\WINDOWS\SYSTEM32\VERSION.dll
0x00007ffc68280000 - 0x00007ffc68289000 	C:\WINDOWS\SYSTEM32\WSOCK32.dll
0x00007ffc85c20000 - 0x00007ffc85c91000 	C:\WINDOWS\System32\WS2_32.dll
0x00000000749e0000 - 0x00000000749ef000 	C:\Program Files\Java\jdk1.8.0_191\jre\bin\verify.dll
0x0000000072e90000 - 0x0000000072eb9000 	C:\Program Files\Java\jdk1.8.0_191\jre\bin\java.dll
0x0000000072e50000 - 0x0000000072e85000 	C:\Program Files\Java\jdk1.8.0_191\jre\bin\jdwp.dll
0x0000000073f80000 - 0x0000000073f88000 	C:\Program Files\Java\jdk1.8.0_191\jre\bin\npt.dll
0x0000000072e20000 - 0x0000000072e43000 	C:\Program Files\Java\jdk1.8.0_191\jre\bin\instrument.dll
0x0000000072e00000 - 0x0000000072e16000 	C:\Program Files\Java\jdk1.8.0_191\jre\bin\zip.dll
0x00007ffc849e0000 - 0x00007ffc851d0000 	C:\WINDOWS\System32\SHELL32.dll
0x00007ffc80de0000 - 0x00007ffc816ae000 	C:\WINDOWS\SYSTEM32\windows.storage.dll
0x00007ffc853c0000 - 0x00007ffc85749000 	C:\WINDOWS\System32\combase.dll
0x00007ffc80ca0000 - 0x00007ffc80dde000 	C:\WINDOWS\SYSTEM32\wintypes.dll
0x00007ffc852b0000 - 0x00007ffc853a1000 	C:\WINDOWS\System32\SHCORE.dll
0x00007ffc85760000 - 0x00007ffc857be000 	C:\WINDOWS\System32\shlwapi.dll
0x00007ffc83c40000 - 0x00007ffc83c61000 	C:\WINDOWS\SYSTEM32\profapi.dll
0x0000000072df0000 - 0x0000000072df9000 	C:\Program Files\Java\jdk1.8.0_191\jre\bin\dt_socket.dll
0x00007ffc5a710000 - 0x00007ffc5a727000 	C:\WINDOWS\system32\napinsp.dll
0x00007ffc59100000 - 0x00007ffc5911b000 	C:\WINDOWS\system32\pnrpnsp.dll
0x00007ffc82ac0000 - 0x00007ffc82b29000 	C:\WINDOWS\System32\mswsock.dll
0x00007ffc81970000 - 0x00007ffc81a63000 	C:\WINDOWS\SYSTEM32\DNSAPI.dll
0x00007ffc81900000 - 0x00007ffc8192d000 	C:\WINDOWS\SYSTEM32\IPHLPAPI.DLL
0x00007ffc85750000 - 0x00007ffc85759000 	C:\WINDOWS\System32\NSI.dll
0x00007ffc590e0000 - 0x00007ffc590f1000 	C:\WINDOWS\System32\winrnr.dll
0x00007ffc590c0000 - 0x00007ffc590d5000 	C:\WINDOWS\system32\wshbth.dll
0x00007ffc59090000 - 0x00007ffc590b1000 	C:\WINDOWS\system32\nlansp_c.dll
0x00007ffc7a090000 - 0x00007ffc7a113000 	C:\WINDOWS\System32\fwpuclnt.dll
0x00007ffc7b270000 - 0x00007ffc7b27a000 	C:\Windows\System32\rasadhlp.dll
0x0000000072de0000 - 0x0000000072ded000 	C:\Program Files\Java\jdk1.8.0_191\jre\bin\management.dll
0x0000000072980000 - 0x000000007299a000 	C:\Program Files\Java\jdk1.8.0_191\jre\bin\net.dll
0x0000000072960000 - 0x0000000072971000 	C:\Program Files\Java\jdk1.8.0_191\jre\bin\nio.dll
0x00007ffc83690000 - 0x00007ffc838be000 	C:\WINDOWS\SYSTEM32\dbghelp.dll
0x00007ffc851d0000 - 0x00007ffc852a7000 	C:\WINDOWS\System32\OLEAUT32.dll
0x00007ffc83ed0000 - 0x00007ffc83f4b000 	C:\WINDOWS\System32\bcryptPrimitives.dll

VM Arguments:
jvm_args: -agentlib:jdwp=transport=dt_socket,suspend=y,address=localhost:54470 -javaagent:C:\Users\sonnk\Downloads\sts-4.15.3.RELEASE\configuration\org.eclipse.osgi\258\0\.cp\lib\javaagent-shaded.jar -Dfile.encoding=UTF-8 
java_command: com.sqa.bhyt.SqaBhytManagementApplication
java_class_path (initial): C:\Users\sonnk\Documents\workspace-spring-tool-suite-4-4.15.3.RELEASE\sqa-bhyt-management\bin\main;C:\Users\sonnk\.gradle\caches\modules-2\files-2.1\org.projectlombok\lombok\1.18.26\8f8cf0372abf564913e9796623aac4c8ea44025a\lombok-1.18.26.jar;C:\Users\sonnk\.gradle\caches\modules-2\files-2.1\org.springframework.boot\spring-boot-starter-data-jpa\2.7.10\cb5e326fa1d1c4dfc276a9620e539a01ddf3d4e\spring-boot-starter-data-jpa-2.7.10.jar;C:\Users\sonnk\.gradle\caches\modules-2\files-2.1\org.springframework.boot\spring-boot-starter-security\2.7.10\ddac298c54e476d4144639d238a70610fbbfa4e7\spring-boot-starter-security-2.7.10.jar;C:\Users\sonnk\.gradle\caches\modules-2\files-2.1\org.springframework.boot\spring-boot-starter-thymeleaf\2.7.10\9e89540a3cc362ddd6b1dd5240b79b1c4de63da4\spring-boot-starter-thymeleaf-2.7.10.jar;C:\Users\sonnk\.gradle\caches\modules-2\files-2.1\org.springframework.boot\spring-boot-starter-mail\2.2.6.RELEASE\8a514559d2016dbb624271078c4b6e7d61f5b4e3\spring-boot-starter-mail-2.2.6.RELEASE.jar;C:\Users\sonnk\.gradle\caches\modules-2\files-2.1\org.springframework.boot\spring-boot-starter-web\2.7.10\aff75a41f298e83ad9542d8f26b12bbe8e105c35\spring-boot-starter-web-2.7.10.jar;C:\Users\sonnk\.gradle\caches\modules-2\files-2.1\org.thymeleaf.extras\thymeleaf-extras-springsecurity5\3.0.5.RELEASE\8ac42b63d03d7ccbfdcb4fc8c4322001e6081515\thymeleaf-extras-springsecurity5-3.0.5.RELEASE.jar;C:\Users\sonnk\.gradle\caches\modules-2\files-2.1\io.jsonwebtoken\jjwt\0.9.1\54d2abfc3e63a28824d35bf600d6a5d627da681a\jjwt-0.9.1.jar;C:\Users\sonnk\.gradle\caches\modules-2\files-2.1\javax.mail\mail\1.4\1aa1579ae5ecd41920c4f355b0a9ef40b68315dd\mail-1.4.jar;C:\Users\sonnk\.gradle\caches\modules-2\files-2.1\com.google.guava\guava\31.1-jre\60458f877d055d0c9114d9e1a2efb737b4bc282c\guava-31.1-jre.jar;C:\Users\sonnk\.gradle\caches\modules-2\files-2.1\javax.activation\activation\1.1.1\485de3a253e23f645037828c07f1d7f1af40763a\activation-1.1.1.jar;C:\Users\sonnk\.g
Launcher Type: SUN_STANDARD

Environment Variables:
JAVA_HOME=C:\Program Files\Java\jdk1.8.0_191
USERNAME=sonnk
OS=Windows_NT
PROCESSOR_IDENTIFIER=Intel64 Family 6 Model 158 Stepping 10, GenuineIntel



---------------  S Y S T E M  ---------------

OS: Windows 10.0 , 64 bit Build 22621 (10.0.22621.1344)

CPU:total 8 (initial active 8) (4 cores per cpu, 2 threads per core) family 6 model 158 stepping 10, cmov, cx8, fxsr, mmx, sse, sse2, sse3, ssse3, sse4.1, sse4.2, popcnt, avx, avx2, aes, clmul, erms, 3dnowpref, lzcnt, ht, tsc, tscinvbit, bmi1, bmi2, adx

Memory: 4k page, physical 25014680k(12504640k free), swap 50180504k(31853960k free)

vm_info: Java HotSpot(TM) 64-Bit Server VM (25.191-b12) for windows-amd64 JRE (1.8.0_191-b12), built on Oct  6 2018 09:29:03 by "java_re" with MS VC++ 10.0 (VS2010)

time: Wed Apr 19 11:38:45 2023
elapsed time: 3 seconds (0d 0h 0m 3s)

